<?xml version="1.0" encoding="UTF-8"?>
<testsuite xmlns:xsi="http://www.w3.org/2001/XMLSchema-instance" xsi:noNamespaceSchemaLocation="https://maven.apache.org/surefire/maven-surefire-plugin/xsd/surefire-test-report-3.0.xsd" version="3.0" name="test.java.CheckersGameTest" time="2.397" tests="9" errors="0" skipped="0" failures="0">
  <properties>
[...]
</properties>
  <testcase name="testMultipleCapture" classname="test.java.CheckersGameTest" time="0.501"/>
  <testcase name="testBoardCopy" classname="test.java.CheckersGameTest" time="0.012"/>
  <testcase name="testCaptureMove" classname="test.java.CheckersGameTest" time="0.016"/>
  <testcase name="testInitialBoardSetup" classname="test.java.CheckersGameTest" time="0.015"/>
  <testcase name="testWinCondition" classname="test.java.CheckersGameTest" time="1.801"/>
  <testcase name="testTurnSwitching" classname="test.java.CheckersGameTest" time="0.018"/>
  <testcase name="testCheckerMovement" classname="test.java.CheckersGameTest" time="0.008"/>
  <testcase name="testMoveClass" classname="test.java.CheckersGameTest" time="0.006"/>
  <testcase name="testCheckerClass" classname="test.java.CheckersGameTest" time="0.013"/>
</testsuite>